{"/home/paccy/Desktop/codes/e-commerce-express-ts/src/app.ts": {"path":"/home/paccy/Desktop/codes/e-commerce-express-ts/src/app.ts","statementMap":{"0":{"start":{"line":1,"column":0},"end":{"line":1,"column":30}},"1":{"start":{"line":2,"column":0},"end":{"line":2,"column":28}},"2":{"start":{"line":3,"column":0},"end":{"line":3,"column":42}},"3":{"start":{"line":4,"column":0},"end":{"line":4,"column":54}},"4":{"start":{"line":5,"column":0},"end":{"line":5,"column":51}},"5":{"start":{"line":6,"column":32},"end":{"line":6,"column":41}},"6":{"start":{"line":8,"column":0},"end":{"line":8,"column":null}},"7":{"start":{"line":10,"column":0},"end":{"line":10,"column":null}},"8":{"start":{"line":13,"column":0},"end":{"line":13,"column":null}},"9":{"start":{"line":14,"column":0},"end":{"line":14,"column":null}},"10":{"start":{"line":16,"column":0},"end":{"line":19,"column":null}},"11":{"start":{"line":16,"column":33},"end":{"line":19,"column":2}},"12":{"start":{"line":18,"column":4},"end":{"line":18,"column":null}},"13":{"start":{"line":21,"column":0},"end":{"line":24,"column":null}},"14":{"start":{"line":22,"column":4},"end":{"line":23,"column":null}},"15":{"start":{"line":27,"column":0},"end":{"line":27,"column":19}}},"fnMap":{"0":{"name":"(anonymous_8)","decl":{"start":{"line":16,"column":12},"end":{"line":16,"column":18}},"loc":{"start":{"line":16,"column":33},"end":{"line":19,"column":2}}},"1":{"name":"(anonymous_9)","decl":{"start":{"line":16,"column":33},"end":{"line":16,"column":null}},"loc":{"start":{"line":16,"column":33},"end":{"line":19,"column":1}}},"2":{"name":"(anonymous_10)","decl":{"start":{"line":21,"column":8},"end":{"line":21,"column":9}},"loc":{"start":{"line":21,"column":28},"end":{"line":24,"column":1}}}},"branchMap":{"0":{"loc":{"start":{"line":22,"column":15},"end":{"line":22,"column":33}},"type":"cond-expr","locations":[{"start":{"line":22,"column":26},"end":{"line":22,"column":30}},{"start":{"line":22,"column":30},"end":{"line":22,"column":33}}]},"1":{"loc":{"start":{"line":22,"column":15},"end":{"line":22,"column":30}},"type":"binary-expr","locations":[{"start":{"line":22,"column":15},"end":{"line":22,"column":30}},{"start":{"line":22,"column":26},"end":{"line":22,"column":30}}]},"2":{"loc":{"start":{"line":22,"column":15},"end":{"line":22,"column":26}},"type":"cond-expr","locations":[{"start":{"line":22,"column":18},"end":{"line":22,"column":20}},{"start":{"line":22,"column":15},"end":{"line":22,"column":26}}]},"3":{"loc":{"start":{"line":22,"column":15},"end":{"line":22,"column":20}},"type":"binary-expr","locations":[{"start":{"line":22,"column":15},"end":{"line":22,"column":20}},{"start":{"line":22,"column":15},"end":{"line":22,"column":20}}]},"4":{"loc":{"start":{"line":23,"column":19},"end":{"line":23,"column":31}},"type":"cond-expr","locations":[{"start":{"line":23,"column":22},"end":{"line":23,"column":24}},{"start":{"line":23,"column":19},"end":{"line":23,"column":31}}]},"5":{"loc":{"start":{"line":23,"column":19},"end":{"line":23,"column":24}},"type":"binary-expr","locations":[{"start":{"line":23,"column":19},"end":{"line":23,"column":24}},{"start":{"line":23,"column":19},"end":{"line":23,"column":24}}]},"6":{"loc":{"start":{"line":23,"column":39},"end":{"line":23,"column":49}},"type":"cond-expr","locations":[{"start":{"line":23,"column":42},"end":{"line":23,"column":44}},{"start":{"line":23,"column":39},"end":{"line":23,"column":49}}]},"7":{"loc":{"start":{"line":23,"column":39},"end":{"line":23,"column":44}},"type":"binary-expr","locations":[{"start":{"line":23,"column":39},"end":{"line":23,"column":44}},{"start":{"line":23,"column":39},"end":{"line":23,"column":44}}]}},"s":{"0":1,"1":1,"2":1,"3":1,"4":1,"5":1,"6":1,"7":1,"8":1,"9":1,"10":1,"11":2,"12":2,"13":1,"14":2,"15":1},"f":{"0":2,"1":2,"2":2},"b":{"0":[2,0],"1":[2,2],"2":[0,2],"3":[2,2],"4":[0,2],"5":[2,2],"6":[0,2],"7":[2,2]}}
,"/home/paccy/Desktop/codes/e-commerce-express-ts/src/controllers/category.controller.ts": {"path":"/home/paccy/Desktop/codes/e-commerce-express-ts/src/controllers/category.controller.ts","statementMap":{"0":{"start":{"line":3,"column":0},"end":{"line":3,"column":43}},"1":{"start":{"line":4,"column":0},"end":{"line":4,"column":null}},"2":{"start":{"line":11,"column":0},"end":{"line":11,"column":51}},"3":{"start":{"line":13,"column":37},"end":{"line":19,"column":null}},"4":{"start":{"line":13,"column":70},"end":{"line":19,"column":null}},"5":{"start":{"line":14,"column":17},"end":{"line":14,"column":43}},"6":{"start":{"line":15,"column":16},"end":{"line":15,"column":42}},"7":{"start":{"line":17,"column":4},"end":{"line":17,"column":null}},"8":{"start":{"line":13,"column":13},"end":{"line":13,"column":37}},"9":{"start":{"line":21,"column":39},"end":{"line":25,"column":null}},"10":{"start":{"line":21,"column":72},"end":{"line":25,"column":null}},"11":{"start":{"line":23,"column":16},"end":{"line":23,"column":37}},"12":{"start":{"line":24,"column":4},"end":{"line":24,"column":null}},"13":{"start":{"line":21,"column":13},"end":{"line":21,"column":39}},"14":{"start":{"line":29,"column":38},"end":{"line":38,"column":null}},"15":{"start":{"line":29,"column":73},"end":{"line":38,"column":null}},"16":{"start":{"line":30,"column":19},"end":{"line":30,"column":29}},"17":{"start":{"line":31,"column":16},"end":{"line":31,"column":41}},"18":{"start":{"line":33,"column":4},"end":{"line":35,"column":5}},"19":{"start":{"line":34,"column":8},"end":{"line":34,"column":86}},"20":{"start":{"line":37,"column":4},"end":{"line":37,"column":null}},"21":{"start":{"line":29,"column":13},"end":{"line":29,"column":38}},"22":{"start":{"line":41,"column":37},"end":{"line":53,"column":null}},"23":{"start":{"line":41,"column":72},"end":{"line":53,"column":null}},"24":{"start":{"line":43,"column":16},"end":{"line":43,"column":26}},"25":{"start":{"line":44,"column":16},"end":{"line":44,"column":42}},"26":{"start":{"line":46,"column":16},"end":{"line":46,"column":45}},"27":{"start":{"line":48,"column":4},"end":{"line":50,"column":5}},"28":{"start":{"line":49,"column":8},"end":{"line":49,"column":86}},"29":{"start":{"line":52,"column":4},"end":{"line":52,"column":null}},"30":{"start":{"line":41,"column":13},"end":{"line":41,"column":37}},"31":{"start":{"line":56,"column":37},"end":{"line":63,"column":null}},"32":{"start":{"line":56,"column":72},"end":{"line":63,"column":null}},"33":{"start":{"line":58,"column":16},"end":{"line":58,"column":26}},"34":{"start":{"line":60,"column":4},"end":{"line":60,"column":29}},"35":{"start":{"line":62,"column":4},"end":{"line":62,"column":null}},"36":{"start":{"line":56,"column":13},"end":{"line":56,"column":37}}},"fnMap":{"0":{"name":"(anonymous_8)","decl":{"start":{"line":13,"column":37},"end":{"line":13,"column":43}},"loc":{"start":{"line":13,"column":70},"end":{"line":19,"column":null}}},"1":{"name":"(anonymous_9)","decl":{"start":{"line":13,"column":70},"end":{"line":13,"column":null}},"loc":{"start":{"line":13,"column":70},"end":{"line":19,"column":1}}},"2":{"name":"(anonymous_10)","decl":{"start":{"line":21,"column":39},"end":{"line":21,"column":45}},"loc":{"start":{"line":21,"column":72},"end":{"line":25,"column":null}}},"3":{"name":"(anonymous_11)","decl":{"start":{"line":21,"column":72},"end":{"line":21,"column":null}},"loc":{"start":{"line":21,"column":72},"end":{"line":25,"column":1}}},"4":{"name":"(anonymous_12)","decl":{"start":{"line":29,"column":38},"end":{"line":29,"column":45}},"loc":{"start":{"line":29,"column":73},"end":{"line":38,"column":null}}},"5":{"name":"(anonymous_13)","decl":{"start":{"line":29,"column":73},"end":{"line":29,"column":null}},"loc":{"start":{"line":29,"column":73},"end":{"line":38,"column":1}}},"6":{"name":"(anonymous_14)","decl":{"start":{"line":41,"column":37},"end":{"line":41,"column":44}},"loc":{"start":{"line":41,"column":72},"end":{"line":53,"column":null}}},"7":{"name":"(anonymous_15)","decl":{"start":{"line":41,"column":72},"end":{"line":41,"column":null}},"loc":{"start":{"line":41,"column":72},"end":{"line":53,"column":1}}},"8":{"name":"(anonymous_16)","decl":{"start":{"line":56,"column":37},"end":{"line":56,"column":44}},"loc":{"start":{"line":56,"column":72},"end":{"line":63,"column":null}}},"9":{"name":"(anonymous_17)","decl":{"start":{"line":56,"column":72},"end":{"line":56,"column":null}},"loc":{"start":{"line":56,"column":72},"end":{"line":63,"column":1}}}},"branchMap":{"0":{"loc":{"start":{"line":33,"column":4},"end":{"line":35,"column":5}},"type":"if","locations":[{"start":{"line":33,"column":4},"end":{"line":35,"column":5}}]},"1":{"loc":{"start":{"line":48,"column":4},"end":{"line":50,"column":5}},"type":"if","locations":[{"start":{"line":48,"column":4},"end":{"line":50,"column":5}}]}},"s":{"0":1,"1":1,"2":1,"3":1,"4":1,"5":1,"6":1,"7":1,"8":1,"9":1,"10":1,"11":1,"12":1,"13":1,"14":1,"15":1,"16":1,"17":1,"18":1,"19":0,"20":1,"21":1,"22":1,"23":1,"24":1,"25":1,"26":1,"27":1,"28":0,"29":1,"30":1,"31":1,"32":0,"33":0,"34":0,"35":0,"36":1},"f":{"0":1,"1":1,"2":1,"3":1,"4":1,"5":1,"6":1,"7":1,"8":0,"9":0},"b":{"0":[0],"1":[0]}}
,"/home/paccy/Desktop/codes/e-commerce-express-ts/src/controllers/product.controller.ts": {"path":"/home/paccy/Desktop/codes/e-commerce-express-ts/src/controllers/product.controller.ts","statementMap":{"0":{"start":{"line":1,"column":0},"end":{"line":1,"column":51}},"1":{"start":{"line":3,"column":0},"end":{"line":3,"column":null}},"2":{"start":{"line":15,"column":37},"end":{"line":20,"column":null}},"3":{"start":{"line":15,"column":70},"end":{"line":20,"column":null}},"4":{"start":{"line":17,"column":16},"end":{"line":17,"column":38}},"5":{"start":{"line":19,"column":4},"end":{"line":19,"column":42}},"6":{"start":{"line":15,"column":13},"end":{"line":15,"column":37}},"7":{"start":{"line":22,"column":36},"end":{"line":27,"column":null}},"8":{"start":{"line":22,"column":69},"end":{"line":27,"column":null}},"9":{"start":{"line":23,"column":16},"end":{"line":23,"column":41}},"10":{"start":{"line":24,"column":16},"end":{"line":24,"column":41}},"11":{"start":{"line":26,"column":4},"end":{"line":26,"column":null}},"12":{"start":{"line":22,"column":13},"end":{"line":22,"column":36}},"13":{"start":{"line":30,"column":37},"end":{"line":37,"column":null}},"14":{"start":{"line":30,"column":72},"end":{"line":37,"column":null}},"15":{"start":{"line":32,"column":16},"end":{"line":32,"column":26}},"16":{"start":{"line":34,"column":16},"end":{"line":34,"column":40}},"17":{"start":{"line":36,"column":4},"end":{"line":36,"column":null}},"18":{"start":{"line":30,"column":13},"end":{"line":30,"column":37}},"19":{"start":{"line":40,"column":36},"end":{"line":46,"column":null}},"20":{"start":{"line":40,"column":71},"end":{"line":46,"column":null}},"21":{"start":{"line":41,"column":16},"end":{"line":41,"column":26}},"22":{"start":{"line":43,"column":16},"end":{"line":43,"column":39}},"23":{"start":{"line":45,"column":4},"end":{"line":45,"column":null}},"24":{"start":{"line":40,"column":13},"end":{"line":40,"column":36}},"25":{"start":{"line":48,"column":36},"end":{"line":55,"column":null}},"26":{"start":{"line":48,"column":71},"end":{"line":55,"column":null}},"27":{"start":{"line":49,"column":16},"end":{"line":49,"column":26}},"28":{"start":{"line":50,"column":16},"end":{"line":50,"column":41}},"29":{"start":{"line":52,"column":16},"end":{"line":52,"column":44}},"30":{"start":{"line":54,"column":4},"end":{"line":54,"column":null}},"31":{"start":{"line":48,"column":13},"end":{"line":48,"column":36}}},"fnMap":{"0":{"name":"(anonymous_7)","decl":{"start":{"line":15,"column":37},"end":{"line":15,"column":43}},"loc":{"start":{"line":15,"column":70},"end":{"line":20,"column":null}}},"1":{"name":"(anonymous_8)","decl":{"start":{"line":15,"column":70},"end":{"line":15,"column":null}},"loc":{"start":{"line":15,"column":70},"end":{"line":20,"column":1}}},"2":{"name":"(anonymous_9)","decl":{"start":{"line":22,"column":36},"end":{"line":22,"column":42}},"loc":{"start":{"line":22,"column":69},"end":{"line":27,"column":null}}},"3":{"name":"(anonymous_10)","decl":{"start":{"line":22,"column":69},"end":{"line":22,"column":null}},"loc":{"start":{"line":22,"column":69},"end":{"line":27,"column":1}}},"4":{"name":"(anonymous_11)","decl":{"start":{"line":30,"column":37},"end":{"line":30,"column":44}},"loc":{"start":{"line":30,"column":72},"end":{"line":37,"column":null}}},"5":{"name":"(anonymous_12)","decl":{"start":{"line":30,"column":72},"end":{"line":30,"column":null}},"loc":{"start":{"line":30,"column":72},"end":{"line":37,"column":1}}},"6":{"name":"(anonymous_13)","decl":{"start":{"line":40,"column":36},"end":{"line":40,"column":43}},"loc":{"start":{"line":40,"column":71},"end":{"line":46,"column":null}}},"7":{"name":"(anonymous_14)","decl":{"start":{"line":40,"column":71},"end":{"line":40,"column":null}},"loc":{"start":{"line":40,"column":71},"end":{"line":46,"column":1}}},"8":{"name":"(anonymous_15)","decl":{"start":{"line":48,"column":36},"end":{"line":48,"column":42}},"loc":{"start":{"line":48,"column":71},"end":{"line":55,"column":null}}},"9":{"name":"(anonymous_16)","decl":{"start":{"line":48,"column":71},"end":{"line":48,"column":null}},"loc":{"start":{"line":48,"column":71},"end":{"line":55,"column":1}}}},"branchMap":{},"s":{"0":1,"1":1,"2":1,"3":0,"4":0,"5":0,"6":1,"7":1,"8":0,"9":0,"10":0,"11":0,"12":1,"13":1,"14":0,"15":0,"16":0,"17":0,"18":1,"19":1,"20":0,"21":0,"22":0,"23":0,"24":1,"25":1,"26":0,"27":0,"28":0,"29":0,"30":0,"31":1},"f":{"0":0,"1":0,"2":0,"3":0,"4":0,"5":0,"6":0,"7":0,"8":0,"9":0},"b":{}}
,"/home/paccy/Desktop/codes/e-commerce-express-ts/src/models/category.ts": {"path":"/home/paccy/Desktop/codes/e-commerce-express-ts/src/models/category.ts","statementMap":{"0":{"start":{"line":1,"column":0},"end":{"line":1,"column":32}},"1":{"start":{"line":3,"column":23},"end":{"line":15,"column":2}},"2":{"start":{"line":17,"column":16},"end":{"line":17,"column":57}},"3":{"start":{"line":19,"column":0},"end":{"line":19,"column":24}}},"fnMap":{},"branchMap":{},"s":{"0":2,"1":2,"2":2,"3":2},"f":{},"b":{}}
,"/home/paccy/Desktop/codes/e-commerce-express-ts/src/models/product.ts": {"path":"/home/paccy/Desktop/codes/e-commerce-express-ts/src/models/product.ts","statementMap":{"0":{"start":{"line":1,"column":0},"end":{"line":1,"column":32}},"1":{"start":{"line":3,"column":22},"end":{"line":26,"column":null}},"2":{"start":{"line":30,"column":16},"end":{"line":30,"column":56}},"3":{"start":{"line":33,"column":0},"end":{"line":33,"column":23}}},"fnMap":{},"branchMap":{},"s":{"0":1,"1":1,"2":1,"3":1},"f":{},"b":{}}
,"/home/paccy/Desktop/codes/e-commerce-express-ts/src/routes/category.routes.ts": {"path":"/home/paccy/Desktop/codes/e-commerce-express-ts/src/routes/category.routes.ts","statementMap":{"0":{"start":{"line":1,"column":0},"end":{"line":1,"column":29}},"1":{"start":{"line":3,"column":0},"end":{"line":3,"column":48}},"2":{"start":{"line":4,"column":31},"end":{"line":4,"column":47}},"3":{"start":{"line":5,"column":0},"end":{"line":5,"column":null}},"4":{"start":{"line":13,"column":0},"end":{"line":13,"column":null}},"5":{"start":{"line":14,"column":0},"end":{"line":14,"column":null}},"6":{"start":{"line":15,"column":0},"end":{"line":15,"column":null}},"7":{"start":{"line":16,"column":0},"end":{"line":16,"column":null}},"8":{"start":{"line":17,"column":0},"end":{"line":17,"column":null}},"9":{"start":{"line":19,"column":0},"end":{"line":19,"column":22}}},"fnMap":{},"branchMap":{},"s":{"0":1,"1":1,"2":1,"3":1,"4":1,"5":1,"6":1,"7":1,"8":1,"9":1},"f":{},"b":{}}
,"/home/paccy/Desktop/codes/e-commerce-express-ts/src/routes/product.routes.ts": {"path":"/home/paccy/Desktop/codes/e-commerce-express-ts/src/routes/product.routes.ts","statementMap":{"0":{"start":{"line":1,"column":0},"end":{"line":1,"column":30}},"1":{"start":{"line":2,"column":0},"end":{"line":2,"column":48}},"2":{"start":{"line":3,"column":0},"end":{"line":3,"column":null}},"3":{"start":{"line":14,"column":31},"end":{"line":14,"column":47}},"4":{"start":{"line":16,"column":0},"end":{"line":16,"column":null}},"5":{"start":{"line":17,"column":0},"end":{"line":17,"column":null}},"6":{"start":{"line":18,"column":0},"end":{"line":18,"column":null}},"7":{"start":{"line":19,"column":0},"end":{"line":19,"column":null}},"8":{"start":{"line":20,"column":0},"end":{"line":20,"column":null}},"9":{"start":{"line":23,"column":0},"end":{"line":23,"column":null}}},"fnMap":{},"branchMap":{},"s":{"0":1,"1":1,"2":1,"3":1,"4":1,"5":1,"6":1,"7":1,"8":1,"9":1},"f":{},"b":{}}
,"/home/paccy/Desktop/codes/e-commerce-express-ts/src/services/category.service.ts": {"path":"/home/paccy/Desktop/codes/e-commerce-express-ts/src/services/category.service.ts","statementMap":{"0":{"start":{"line":2,"column":0},"end":{"line":2,"column":41}},"1":{"start":{"line":3,"column":0},"end":{"line":3,"column":41}},"2":{"start":{"line":4,"column":30},"end":{"line":8,"column":null}},"3":{"start":{"line":4,"column":59},"end":{"line":8,"column":null}},"4":{"start":{"line":6,"column":24},"end":{"line":6,"column":51}},"5":{"start":{"line":7,"column":4},"end":{"line":7,"column":23}},"6":{"start":{"line":4,"column":13},"end":{"line":4,"column":30}},"7":{"start":{"line":10,"column":29},"end":{"line":13,"column":null}},"8":{"start":{"line":10,"column":40},"end":{"line":13,"column":null}},"9":{"start":{"line":11,"column":23},"end":{"line":11,"column":44}},"10":{"start":{"line":12,"column":5},"end":{"line":12,"column":23}},"11":{"start":{"line":10,"column":13},"end":{"line":10,"column":29}},"12":{"start":{"line":16,"column":31},"end":{"line":22,"column":null}},"13":{"start":{"line":16,"column":50},"end":{"line":22,"column":null}},"14":{"start":{"line":18,"column":21},"end":{"line":18,"column":48}},"15":{"start":{"line":20,"column":4},"end":{"line":20,"column":null}},"16":{"start":{"line":20,"column":19},"end":{"line":20,"column":null}},"17":{"start":{"line":21,"column":4},"end":{"line":21,"column":20}},"18":{"start":{"line":16,"column":13},"end":{"line":16,"column":31}},"19":{"start":{"line":25,"column":30},"end":{"line":31,"column":null}},"20":{"start":{"line":25,"column":72},"end":{"line":31,"column":null}},"21":{"start":{"line":27,"column":29},"end":{"line":27,"column":82}},"22":{"start":{"line":29,"column":6},"end":{"line":29,"column":null}},"23":{"start":{"line":29,"column":27},"end":{"line":29,"column":null}},"24":{"start":{"line":30,"column":6},"end":{"line":30,"column":29}},"25":{"start":{"line":25,"column":13},"end":{"line":25,"column":30}},"26":{"start":{"line":33,"column":30},"end":{"line":41,"column":null}},"27":{"start":{"line":33,"column":50},"end":{"line":41,"column":null}},"28":{"start":{"line":35,"column":21},"end":{"line":35,"column":48}},"29":{"start":{"line":36,"column":4},"end":{"line":36,"column":null}},"30":{"start":{"line":36,"column":18},"end":{"line":36,"column":null}},"31":{"start":{"line":39,"column":4},"end":{"line":39,"column":41}},"32":{"start":{"line":40,"column":4},"end":{"line":40,"column":54}},"33":{"start":{"line":33,"column":13},"end":{"line":33,"column":30}}},"fnMap":{"0":{"name":"(anonymous_8)","decl":{"start":{"line":4,"column":30},"end":{"line":4,"column":36}},"loc":{"start":{"line":4,"column":59},"end":{"line":8,"column":null}}},"1":{"name":"(anonymous_9)","decl":{"start":{"line":4,"column":59},"end":{"line":4,"column":null}},"loc":{"start":{"line":4,"column":59},"end":{"line":8,"column":1}}},"2":{"name":"(anonymous_10)","decl":{"start":{"line":10,"column":29},"end":{"line":10,"column":38}},"loc":{"start":{"line":10,"column":40},"end":{"line":13,"column":null}}},"3":{"name":"(anonymous_11)","decl":{"start":{"line":10,"column":40},"end":{"line":10,"column":null}},"loc":{"start":{"line":10,"column":40},"end":{"line":13,"column":1}}},"4":{"name":"(anonymous_12)","decl":{"start":{"line":16,"column":31},"end":{"line":16,"column":37}},"loc":{"start":{"line":16,"column":50},"end":{"line":22,"column":null}}},"5":{"name":"(anonymous_13)","decl":{"start":{"line":16,"column":50},"end":{"line":16,"column":null}},"loc":{"start":{"line":16,"column":50},"end":{"line":22,"column":1}}},"6":{"name":"(anonymous_14)","decl":{"start":{"line":25,"column":30},"end":{"line":25,"column":37}},"loc":{"start":{"line":25,"column":72},"end":{"line":31,"column":null}}},"7":{"name":"(anonymous_15)","decl":{"start":{"line":25,"column":72},"end":{"line":25,"column":null}},"loc":{"start":{"line":25,"column":72},"end":{"line":31,"column":1}}},"8":{"name":"(anonymous_16)","decl":{"start":{"line":33,"column":30},"end":{"line":33,"column":37}},"loc":{"start":{"line":33,"column":50},"end":{"line":41,"column":null}}},"9":{"name":"(anonymous_17)","decl":{"start":{"line":33,"column":50},"end":{"line":33,"column":null}},"loc":{"start":{"line":33,"column":50},"end":{"line":41,"column":1}}}},"branchMap":{"0":{"loc":{"start":{"line":20,"column":4},"end":{"line":20,"column":null}},"type":"if","locations":[{"start":{"line":20,"column":4},"end":{"line":20,"column":null}}]},"1":{"loc":{"start":{"line":29,"column":6},"end":{"line":29,"column":null}},"type":"if","locations":[{"start":{"line":29,"column":6},"end":{"line":29,"column":null}}]},"2":{"loc":{"start":{"line":36,"column":4},"end":{"line":36,"column":null}},"type":"if","locations":[{"start":{"line":36,"column":4},"end":{"line":36,"column":null}}]}},"s":{"0":2,"1":2,"2":2,"3":1,"4":1,"5":1,"6":2,"7":2,"8":2,"9":2,"10":2,"11":2,"12":2,"13":3,"14":3,"15":3,"16":1,"17":2,"18":2,"19":2,"20":3,"21":3,"22":3,"23":1,"24":2,"25":2,"26":2,"27":2,"28":2,"29":2,"30":1,"31":1,"32":1,"33":2},"f":{"0":1,"1":1,"2":2,"3":2,"4":3,"5":3,"6":3,"7":3,"8":2,"9":2},"b":{"0":[1],"1":[1],"2":[1]}}
,"/home/paccy/Desktop/codes/e-commerce-express-ts/src/services/product.service.ts": {"path":"/home/paccy/Desktop/codes/e-commerce-express-ts/src/services/product.service.ts","statementMap":{"0":{"start":{"line":1,"column":0},"end":{"line":1,"column":40}},"1":{"start":{"line":2,"column":0},"end":{"line":2,"column":42}},"2":{"start":{"line":5,"column":0},"end":{"line":5,"column":42}},"3":{"start":{"line":7,"column":30},"end":{"line":11,"column":null}},"4":{"start":{"line":7,"column":40},"end":{"line":11,"column":null}},"5":{"start":{"line":9,"column":21},"end":{"line":9,"column":62}},"6":{"start":{"line":10,"column":4},"end":{"line":10,"column":20}},"7":{"start":{"line":7,"column":13},"end":{"line":7,"column":30}},"8":{"start":{"line":15,"column":29},"end":{"line":24,"column":null}},"9":{"start":{"line":15,"column":57},"end":{"line":24,"column":null}},"10":{"start":{"line":16,"column":22},"end":{"line":16,"column":48}},"11":{"start":{"line":18,"column":4},"end":{"line":22,"column":null}},"12":{"start":{"line":23,"column":4},"end":{"line":23,"column":22}},"13":{"start":{"line":15,"column":13},"end":{"line":15,"column":29}},"14":{"start":{"line":27,"column":30},"end":{"line":32,"column":null}},"15":{"start":{"line":27,"column":49},"end":{"line":32,"column":null}},"16":{"start":{"line":28,"column":20},"end":{"line":28,"column":67}},"17":{"start":{"line":30,"column":4},"end":{"line":30,"column":83}},"18":{"start":{"line":30,"column":17},"end":{"line":30,"column":83}},"19":{"start":{"line":31,"column":4},"end":{"line":31,"column":19}},"20":{"start":{"line":27,"column":13},"end":{"line":27,"column":30}},"21":{"start":{"line":34,"column":29},"end":{"line":41,"column":null}},"22":{"start":{"line":34,"column":48},"end":{"line":41,"column":null}},"23":{"start":{"line":35,"column":20},"end":{"line":35,"column":46}},"24":{"start":{"line":37,"column":4},"end":{"line":37,"column":84}},"25":{"start":{"line":37,"column":18},"end":{"line":37,"column":84}},"26":{"start":{"line":39,"column":4},"end":{"line":39,"column":30}},"27":{"start":{"line":40,"column":4},"end":{"line":40,"column":19}},"28":{"start":{"line":34,"column":13},"end":{"line":34,"column":29}},"29":{"start":{"line":43,"column":29},"end":{"line":50,"column":null}},"30":{"start":{"line":43,"column":69},"end":{"line":50,"column":null}},"31":{"start":{"line":45,"column":19},"end":{"line":45,"column":70}},"32":{"start":{"line":47,"column":4},"end":{"line":47,"column":83}},"33":{"start":{"line":47,"column":17},"end":{"line":47,"column":83}},"34":{"start":{"line":49,"column":4},"end":{"line":49,"column":19}},"35":{"start":{"line":43,"column":13},"end":{"line":43,"column":29}}},"fnMap":{"0":{"name":"(anonymous_8)","decl":{"start":{"line":7,"column":30},"end":{"line":7,"column":38}},"loc":{"start":{"line":7,"column":40},"end":{"line":11,"column":null}}},"1":{"name":"(anonymous_9)","decl":{"start":{"line":7,"column":40},"end":{"line":7,"column":null}},"loc":{"start":{"line":7,"column":40},"end":{"line":11,"column":1}}},"2":{"name":"(anonymous_10)","decl":{"start":{"line":15,"column":29},"end":{"line":15,"column":36}},"loc":{"start":{"line":15,"column":57},"end":{"line":24,"column":null}}},"3":{"name":"(anonymous_11)","decl":{"start":{"line":15,"column":57},"end":{"line":15,"column":null}},"loc":{"start":{"line":15,"column":57},"end":{"line":24,"column":1}}},"4":{"name":"(anonymous_12)","decl":{"start":{"line":27,"column":30},"end":{"line":27,"column":37}},"loc":{"start":{"line":27,"column":49},"end":{"line":32,"column":null}}},"5":{"name":"(anonymous_13)","decl":{"start":{"line":27,"column":49},"end":{"line":27,"column":null}},"loc":{"start":{"line":27,"column":49},"end":{"line":32,"column":1}}},"6":{"name":"(anonymous_14)","decl":{"start":{"line":34,"column":29},"end":{"line":34,"column":36}},"loc":{"start":{"line":34,"column":48},"end":{"line":41,"column":null}}},"7":{"name":"(anonymous_15)","decl":{"start":{"line":34,"column":48},"end":{"line":34,"column":null}},"loc":{"start":{"line":34,"column":48},"end":{"line":41,"column":1}}},"8":{"name":"(anonymous_16)","decl":{"start":{"line":43,"column":29},"end":{"line":43,"column":36}},"loc":{"start":{"line":43,"column":69},"end":{"line":50,"column":null}}},"9":{"name":"(anonymous_17)","decl":{"start":{"line":43,"column":69},"end":{"line":43,"column":null}},"loc":{"start":{"line":43,"column":69},"end":{"line":50,"column":1}}}},"branchMap":{"0":{"loc":{"start":{"line":30,"column":4},"end":{"line":30,"column":83}},"type":"if","locations":[{"start":{"line":30,"column":4},"end":{"line":30,"column":83}}]},"1":{"loc":{"start":{"line":37,"column":4},"end":{"line":37,"column":84}},"type":"if","locations":[{"start":{"line":37,"column":4},"end":{"line":37,"column":84}}]},"2":{"loc":{"start":{"line":47,"column":4},"end":{"line":47,"column":83}},"type":"if","locations":[{"start":{"line":47,"column":4},"end":{"line":47,"column":83}}]}},"s":{"0":1,"1":1,"2":1,"3":1,"4":0,"5":0,"6":0,"7":1,"8":1,"9":0,"10":0,"11":0,"12":0,"13":1,"14":1,"15":0,"16":0,"17":0,"18":0,"19":0,"20":1,"21":1,"22":0,"23":0,"24":0,"25":0,"26":0,"27":0,"28":1,"29":1,"30":0,"31":0,"32":0,"33":0,"34":0,"35":1},"f":{"0":0,"1":0,"2":0,"3":0,"4":0,"5":0,"6":0,"7":0,"8":0,"9":0},"b":{"0":[0],"1":[0],"2":[0]}}
,"/home/paccy/Desktop/codes/e-commerce-express-ts/src/utils/apiResponse.ts": {"path":"/home/paccy/Desktop/codes/e-commerce-express-ts/src/utils/apiResponse.ts","statementMap":{"0":{"start":{"line":3,"column":27},"end":{"line":15,"column":1}},"1":{"start":{"line":4,"column":4},"end":{"line":14,"column":null}},"2":{"start":{"line":5,"column":33},"end":{"line":8,"column":10}},"3":{"start":{"line":9,"column":32},"end":{"line":13,"column":10}},"4":{"start":{"line":3,"column":13},"end":{"line":3,"column":27}}},"fnMap":{"0":{"name":"(anonymous_0)","decl":{"start":{"line":3,"column":27},"end":{"line":3,"column":29}},"loc":{"start":{"line":3,"column":31},"end":{"line":15,"column":1}}},"1":{"name":"(anonymous_1)","decl":{"start":{"line":5,"column":17},"end":{"line":5,"column":18}},"loc":{"start":{"line":5,"column":33},"end":{"line":8,"column":10}}},"2":{"name":"(anonymous_2)","decl":{"start":{"line":9,"column":15},"end":{"line":9,"column":16}},"loc":{"start":{"line":9,"column":32},"end":{"line":13,"column":10}}}},"branchMap":{"0":{"loc":{"start":{"line":10,"column":20},"end":{"line":10,"column":39}},"type":"binary-expr","locations":[{"start":{"line":10,"column":20},"end":{"line":10,"column":32}},{"start":{"line":10,"column":36},"end":{"line":10,"column":39}}]}},"s":{"0":1,"1":4,"2":4,"3":0,"4":1},"f":{"0":4,"1":4,"2":0},"b":{"0":[0,0]}}
,"/home/paccy/Desktop/codes/e-commerce-express-ts/tests/setup/testDatabase.ts": {"path":"/home/paccy/Desktop/codes/e-commerce-express-ts/tests/setup/testDatabase.ts","statementMap":{"0":{"start":{"line":1,"column":0},"end":{"line":1,"column":57}},"1":{"start":{"line":2,"column":0},"end":{"line":2,"column":31}},"2":{"start":{"line":6,"column":32},"end":{"line":11,"column":null}},"3":{"start":{"line":6,"column":42},"end":{"line":11,"column":null}},"4":{"start":{"line":7,"column":4},"end":{"line":7,"column":50}},"5":{"start":{"line":9,"column":15},"end":{"line":9,"column":35}},"6":{"start":{"line":10,"column":4},"end":{"line":10,"column":null}},"7":{"start":{"line":6,"column":13},"end":{"line":6,"column":32}},"8":{"start":{"line":14,"column":34},"end":{"line":19,"column":null}},"9":{"start":{"line":14,"column":44},"end":{"line":19,"column":null}},"10":{"start":{"line":16,"column":4},"end":{"line":16,"column":45}},"11":{"start":{"line":17,"column":4},"end":{"line":17,"column":38}},"12":{"start":{"line":18,"column":4},"end":{"line":18,"column":29}},"13":{"start":{"line":14,"column":13},"end":{"line":14,"column":34}}},"fnMap":{"0":{"name":"(anonymous_8)","decl":{"start":{"line":6,"column":32},"end":{"line":6,"column":40}},"loc":{"start":{"line":6,"column":42},"end":{"line":11,"column":null}}},"1":{"name":"(anonymous_9)","decl":{"start":{"line":6,"column":42},"end":{"line":6,"column":null}},"loc":{"start":{"line":6,"column":42},"end":{"line":11,"column":1}}},"2":{"name":"(anonymous_10)","decl":{"start":{"line":14,"column":34},"end":{"line":14,"column":42}},"loc":{"start":{"line":14,"column":44},"end":{"line":19,"column":null}}},"3":{"name":"(anonymous_11)","decl":{"start":{"line":14,"column":44},"end":{"line":14,"column":null}},"loc":{"start":{"line":14,"column":44},"end":{"line":19,"column":1}}}},"branchMap":{},"s":{"0":1,"1":1,"2":1,"3":1,"4":1,"5":1,"6":1,"7":1,"8":1,"9":1,"10":1,"11":1,"12":1,"13":1},"f":{"0":1,"1":1,"2":1,"3":1},"b":{}}
}
