TN:
SF:src/app.ts
FN:19,(anonymous_8)
FN:19,(anonymous_9)
FN:24,(anonymous_10)
FNF:3
FNH:1
FNDA:0,(anonymous_8)
FNDA:0,(anonymous_9)
FNDA:1,(anonymous_10)
DA:1,1
DA:2,1
DA:3,1
DA:4,1
DA:5,1
DA:6,1
DA:7,1
DA:8,1
DA:10,1
DA:12,1
DA:15,1
DA:16,1
DA:17,1
DA:18,1
DA:19,1
DA:21,0
DA:24,1
DA:25,1
DA:30,1
LF:19
LH:18
BRDA:25,0,0,1
BRDA:25,0,1,0
BRDA:25,1,0,1
BRDA:25,1,1,1
BRDA:25,2,0,0
BRDA:25,2,1,1
BRDA:25,3,0,1
BRDA:25,3,1,1
BRDA:26,4,0,0
BRDA:26,4,1,1
BRDA:26,5,0,1
BRDA:26,5,1,1
BRDA:26,6,0,0
BRDA:26,6,1,1
BRDA:26,7,0,1
BRDA:26,7,1,1
BRF:16
BRH:12
end_of_record
TN:
SF:src/auth/auth.controller.ts
FN:7,(anonymous_7)
FN:7,(anonymous_8)
FN:17,(anonymous_9)
FN:17,(anonymous_10)
FNF:4
FNH:0
FNDA:0,(anonymous_7)
FNDA:0,(anonymous_8)
FNDA:0,(anonymous_9)
FNDA:0,(anonymous_10)
DA:3,1
DA:4,1
DA:7,1
DA:9,0
DA:10,0
DA:12,0
DA:17,1
DA:19,0
DA:20,0
DA:22,0
LF:10
LH:4
BRF:0
BRH:0
end_of_record
TN:
SF:src/auth/auth.model.ts
FNF:0
FNH:0
DA:1,1
DA:4,1
DA:26,1
DA:28,1
LF:4
LH:4
BRF:0
BRH:0
end_of_record
TN:
SF:src/auth/auth.service.ts
FN:8,(anonymous_8)
FN:8,(anonymous_9)
FN:31,(anonymous_10)
FN:31,(anonymous_11)
FNF:4
FNH:0
FNDA:0,(anonymous_8)
FNDA:0,(anonymous_9)
FNDA:0,(anonymous_10)
FNDA:0,(anonymous_11)
DA:2,1
DA:3,1
DA:4,1
DA:5,1
DA:8,1
DA:10,0
DA:11,0
DA:14,0
DA:16,0
DA:17,0
DA:20,0
DA:21,0
DA:23,0
DA:24,0
DA:26,0
DA:31,1
DA:32,0
DA:33,0
DA:34,0
DA:35,0
DA:38,0
DA:39,0
DA:40,0
DA:43,0
DA:44,0
DA:47,0
LF:26
LH:6
BRDA:10,0,0,0
BRDA:10,1,0,0
BRDA:10,1,1,0
BRDA:10,1,2,0
BRDA:10,1,3,0
BRDA:16,2,0,0
BRDA:34,3,0,0
BRDA:39,4,0,0
BRF:8
BRH:0
end_of_record
TN:
SF:src/controllers/category.controller.ts
FN:13,(anonymous_8)
FN:13,(anonymous_9)
FN:21,(anonymous_10)
FN:21,(anonymous_11)
FN:29,(anonymous_12)
FN:29,(anonymous_13)
FN:41,(anonymous_14)
FN:41,(anonymous_15)
FN:56,(anonymous_16)
FN:56,(anonymous_17)
FNF:10
FNH:10
FNDA:1,(anonymous_8)
FNDA:1,(anonymous_9)
FNDA:1,(anonymous_10)
FNDA:1,(anonymous_11)
FNDA:1,(anonymous_12)
FNDA:1,(anonymous_13)
FNDA:1,(anonymous_14)
FNDA:1,(anonymous_15)
FNDA:2,(anonymous_16)
FNDA:2,(anonymous_17)
DA:3,1
DA:4,1
DA:11,1
DA:13,1
DA:14,1
DA:15,1
DA:17,1
DA:21,1
DA:23,1
DA:24,1
DA:29,1
DA:30,1
DA:31,1
DA:33,1
DA:34,0
DA:37,1
DA:41,1
DA:43,1
DA:44,1
DA:46,1
DA:48,1
DA:49,0
DA:52,1
DA:56,2
DA:58,2
DA:60,2
DA:62,1
LF:27
LH:25
BRDA:33,0,0,0
BRDA:48,1,0,0
BRF:2
BRH:0
end_of_record
TN:
SF:src/controllers/product.controller.ts
FN:15,(anonymous_7)
FN:15,(anonymous_8)
FN:22,(anonymous_9)
FN:22,(anonymous_10)
FN:30,(anonymous_11)
FN:30,(anonymous_12)
FN:40,(anonymous_13)
FN:40,(anonymous_14)
FN:48,(anonymous_15)
FN:48,(anonymous_16)
FNF:10
FNH:0
FNDA:0,(anonymous_7)
FNDA:0,(anonymous_8)
FNDA:0,(anonymous_9)
FNDA:0,(anonymous_10)
FNDA:0,(anonymous_11)
FNDA:0,(anonymous_12)
FNDA:0,(anonymous_13)
FNDA:0,(anonymous_14)
FNDA:0,(anonymous_15)
FNDA:0,(anonymous_16)
DA:1,1
DA:3,1
DA:15,1
DA:17,0
DA:19,0
DA:22,1
DA:23,0
DA:24,0
DA:26,0
DA:30,1
DA:32,0
DA:34,0
DA:36,0
DA:40,1
DA:41,0
DA:43,0
DA:45,0
DA:48,1
DA:49,0
DA:50,0
DA:52,0
DA:54,0
LF:22
LH:7
BRF:0
BRH:0
end_of_record
TN:
SF:src/middleware/auth.ts
FN:15,(anonymous_8)
FN:15,(anonymous_9)
FNF:2
FNH:0
FNDA:0,(anonymous_8)
FNDA:0,(anonymous_9)
DA:2,1
DA:3,1
DA:4,1
DA:15,1
DA:16,0
DA:18,0
DA:20,0
DA:21,0
DA:24,0
DA:25,0
DA:29,0
DA:30,0
DA:33,0
DA:34,0
DA:36,0
DA:37,0
LF:16
LH:4
BRDA:18,0,0,0
BRDA:18,0,1,0
BRDA:18,1,0,0
BRDA:18,1,1,0
BRDA:20,2,0,0
BRDA:29,3,0,0
BRF:6
BRH:0
end_of_record
TN:
SF:src/models/category.ts
FNF:0
FNH:0
DA:1,2
DA:3,2
DA:17,2
DA:19,2
LF:4
LH:4
BRF:0
BRH:0
end_of_record
TN:
SF:src/models/product.ts
FNF:0
FNH:0
DA:1,2
DA:3,2
DA:30,2
DA:33,2
LF:4
LH:4
BRF:0
BRH:0
end_of_record
TN:
SF:src/routes/auth.routes.ts
FNF:0
FNH:0
DA:1,1
DA:2,1
DA:3,1
DA:7,1
DA:10,1
DA:11,1
DA:13,1
LF:7
LH:7
BRF:0
BRH:0
end_of_record
TN:
SF:src/routes/category.routes.ts
FNF:0
FNH:0
DA:1,1
DA:3,1
DA:4,1
DA:5,1
DA:13,1
DA:14,1
DA:15,1
DA:16,1
DA:17,1
DA:19,1
LF:10
LH:10
BRF:0
BRH:0
end_of_record
TN:
SF:src/routes/product.routes.ts
FNF:0
FNH:0
DA:1,1
DA:2,1
DA:3,1
DA:14,1
DA:16,1
DA:17,1
DA:18,1
DA:19,1
DA:20,1
DA:23,1
LF:10
LH:10
BRF:0
BRH:0
end_of_record
TN:
SF:src/routes/user.routes.ts
FNF:0
FNH:0
DA:1,1
DA:2,1
DA:3,1
DA:4,1
DA:6,1
DA:8,1
DA:9,1
DA:10,1
DA:16,1
LF:9
LH:9
BRF:0
BRH:0
end_of_record
TN:
SF:src/services/category.service.ts
FN:5,(anonymous_8)
FN:5,(anonymous_9)
FN:11,(anonymous_10)
FN:11,(anonymous_11)
FN:17,(anonymous_12)
FN:17,(anonymous_13)
FN:26,(anonymous_14)
FN:26,(anonymous_15)
FN:34,(anonymous_16)
FN:34,(anonymous_17)
FNF:10
FNH:10
FNDA:1,(anonymous_8)
FNDA:1,(anonymous_9)
FNDA:2,(anonymous_10)
FNDA:2,(anonymous_11)
FNDA:3,(anonymous_12)
FNDA:3,(anonymous_13)
FNDA:3,(anonymous_14)
FNDA:3,(anonymous_15)
FNDA:4,(anonymous_16)
FNDA:4,(anonymous_17)
DA:2,2
DA:3,2
DA:4,2
DA:5,2
DA:7,1
DA:8,1
DA:11,2
DA:12,2
DA:13,2
DA:17,3
DA:19,3
DA:21,3
DA:22,2
DA:26,3
DA:28,3
DA:30,3
DA:31,2
DA:34,4
DA:36,4
DA:38,4
DA:43,2
DA:45,2
DA:48,1
LF:23
LH:23
BRDA:21,0,0,1
BRDA:30,1,0,1
BRDA:38,2,0,2
BRF:3
BRH:3
end_of_record
TN:
SF:src/services/product.service.ts
FN:7,(anonymous_8)
FN:7,(anonymous_9)
FN:15,(anonymous_10)
FN:15,(anonymous_11)
FN:27,(anonymous_12)
FN:27,(anonymous_13)
FN:34,(anonymous_14)
FN:34,(anonymous_15)
FN:43,(anonymous_16)
FN:43,(anonymous_17)
FNF:10
FNH:0
FNDA:0,(anonymous_8)
FNDA:0,(anonymous_9)
FNDA:0,(anonymous_10)
FNDA:0,(anonymous_11)
FNDA:0,(anonymous_12)
FNDA:0,(anonymous_13)
FNDA:0,(anonymous_14)
FNDA:0,(anonymous_15)
FNDA:0,(anonymous_16)
FNDA:0,(anonymous_17)
DA:1,1
DA:2,1
DA:5,1
DA:7,1
DA:9,0
DA:10,0
DA:15,1
DA:16,0
DA:18,0
DA:23,0
DA:27,1
DA:28,0
DA:30,0
DA:31,0
DA:34,1
DA:35,0
DA:37,0
DA:39,0
DA:40,0
DA:43,1
DA:45,0
DA:47,0
DA:49,0
LF:23
LH:8
BRDA:30,0,0,0
BRDA:37,1,0,0
BRDA:47,2,0,0
BRF:3
BRH:0
end_of_record
TN:
SF:src/user/user.controller.ts
FN:7,(anonymous_7)
FN:13,(anonymous_8)
FN:13,(anonymous_9)
FN:19,(anonymous_10)
FN:19,(anonymous_11)
FNF:5
FNH:0
FNDA:0,(anonymous_7)
FNDA:0,(anonymous_8)
FNDA:0,(anonymous_9)
FNDA:0,(anonymous_10)
FNDA:0,(anonymous_11)
DA:3,1
DA:5,1
DA:7,1
DA:8,0
DA:13,1
DA:14,0
DA:15,0
DA:19,1
DA:20,0
DA:21,0
DA:22,0
LF:11
LH:5
BRF:0
BRH:0
end_of_record
TN:
SF:src/user/user.service.ts
FN:5,(anonymous_8)
FN:5,(anonymous_9)
FN:12,(anonymous_10)
FN:12,(anonymous_11)
FNF:4
FNH:0
FNDA:0,(anonymous_8)
FNDA:0,(anonymous_9)
FNDA:0,(anonymous_10)
FNDA:0,(anonymous_11)
DA:1,1
DA:2,1
DA:5,1
DA:7,0
DA:8,0
DA:12,1
DA:14,0
DA:16,0
DA:17,0
DA:20,0
LF:10
LH:4
BRDA:16,0,0,0
BRF:1
BRH:0
end_of_record
TN:
SF:src/utils/apiResponse.ts
FN:3,(anonymous_0)
FN:5,(anonymous_1)
FN:9,(anonymous_2)
FNF:3
FNH:2
FNDA:5,(anonymous_0)
FNDA:5,(anonymous_1)
FNDA:0,(anonymous_2)
DA:3,1
DA:4,5
DA:5,5
DA:9,0
LF:4
LH:3
BRDA:10,0,0,0
BRDA:10,0,1,0
BRF:2
BRH:0
end_of_record
TN:
SF:src/utils/createToken.ts
FN:4,(anonymous_1)
FNF:1
FNH:0
FNDA:0,(anonymous_1)
DA:2,1
DA:4,1
DA:6,0
DA:7,0
DA:8,0
DA:11,0
DA:12,0
LF:7
LH:2
BRDA:7,0,0,0
BRF:1
BRH:0
end_of_record
TN:
SF:tests/setup/testDatabase.ts
FN:6,(anonymous_8)
FN:6,(anonymous_9)
FN:14,(anonymous_10)
FN:14,(anonymous_11)
FNF:4
FNH:4
FNDA:1,(anonymous_8)
FNDA:1,(anonymous_9)
FNDA:1,(anonymous_10)
FNDA:1,(anonymous_11)
DA:1,1
DA:2,1
DA:6,1
DA:7,1
DA:9,1
DA:10,1
DA:14,1
DA:16,1
DA:17,1
DA:18,1
LF:10
LH:10
BRF:0
BRH:0
end_of_record
