TN:
SF:src/app.ts
FN:16,(anonymous_8)
FN:16,(anonymous_9)
FN:21,(anonymous_10)
FNF:3
FNH:1
FNDA:0,(anonymous_8)
FNDA:0,(anonymous_9)
FNDA:1,(anonymous_10)
DA:1,1
DA:2,1
DA:3,1
DA:4,1
DA:5,1
DA:6,1
DA:8,1
DA:10,1
DA:13,1
DA:14,1
DA:16,1
DA:18,0
DA:21,1
DA:22,1
DA:27,1
LF:15
LH:14
BRDA:22,0,0,1
BRDA:22,0,1,0
BRDA:22,1,0,1
BRDA:22,1,1,1
BRDA:22,2,0,0
BRDA:22,2,1,1
BRDA:22,3,0,1
BRDA:22,3,1,1
BRDA:23,4,0,0
BRDA:23,4,1,1
BRDA:23,5,0,1
BRDA:23,5,1,1
BRDA:23,6,0,0
BRDA:23,6,1,1
BRDA:23,7,0,1
BRDA:23,7,1,1
BRF:16
BRH:12
end_of_record
TN:
SF:src/controllers/category.controller.ts
FN:13,(anonymous_8)
FN:13,(anonymous_9)
FN:21,(anonymous_10)
FN:21,(anonymous_11)
FN:29,(anonymous_12)
FN:29,(anonymous_13)
FN:41,(anonymous_14)
FN:41,(anonymous_15)
FN:56,(anonymous_16)
FN:56,(anonymous_17)
FNF:10
FNH:10
FNDA:1,(anonymous_8)
FNDA:1,(anonymous_9)
FNDA:1,(anonymous_10)
FNDA:1,(anonymous_11)
FNDA:1,(anonymous_12)
FNDA:1,(anonymous_13)
FNDA:1,(anonymous_14)
FNDA:1,(anonymous_15)
FNDA:2,(anonymous_16)
FNDA:2,(anonymous_17)
DA:3,1
DA:4,1
DA:11,1
DA:13,1
DA:14,1
DA:15,1
DA:17,1
DA:21,1
DA:23,1
DA:24,1
DA:29,1
DA:30,1
DA:31,1
DA:33,1
DA:34,0
DA:37,1
DA:41,1
DA:43,1
DA:44,1
DA:46,1
DA:48,1
DA:49,0
DA:52,1
DA:56,2
DA:58,2
DA:60,2
DA:62,1
LF:27
LH:25
BRDA:33,0,0,0
BRDA:48,1,0,0
BRF:2
BRH:0
end_of_record
TN:
SF:src/controllers/product.controller.ts
FN:15,(anonymous_7)
FN:15,(anonymous_8)
FN:22,(anonymous_9)
FN:22,(anonymous_10)
FN:30,(anonymous_11)
FN:30,(anonymous_12)
FN:40,(anonymous_13)
FN:40,(anonymous_14)
FN:48,(anonymous_15)
FN:48,(anonymous_16)
FNF:10
FNH:0
FNDA:0,(anonymous_7)
FNDA:0,(anonymous_8)
FNDA:0,(anonymous_9)
FNDA:0,(anonymous_10)
FNDA:0,(anonymous_11)
FNDA:0,(anonymous_12)
FNDA:0,(anonymous_13)
FNDA:0,(anonymous_14)
FNDA:0,(anonymous_15)
FNDA:0,(anonymous_16)
DA:1,1
DA:3,1
DA:15,1
DA:17,0
DA:19,0
DA:22,1
DA:23,0
DA:24,0
DA:26,0
DA:30,1
DA:32,0
DA:34,0
DA:36,0
DA:40,1
DA:41,0
DA:43,0
DA:45,0
DA:48,1
DA:49,0
DA:50,0
DA:52,0
DA:54,0
LF:22
LH:7
BRF:0
BRH:0
end_of_record
TN:
SF:src/models/category.ts
FNF:0
FNH:0
DA:1,2
DA:3,2
DA:17,2
DA:19,2
LF:4
LH:4
BRF:0
BRH:0
end_of_record
TN:
SF:src/models/product.ts
FNF:0
FNH:0
DA:1,2
DA:3,2
DA:30,2
DA:33,2
LF:4
LH:4
BRF:0
BRH:0
end_of_record
TN:
SF:src/routes/category.routes.ts
FNF:0
FNH:0
DA:1,1
DA:3,1
DA:4,1
DA:5,1
DA:13,1
DA:14,1
DA:15,1
DA:16,1
DA:17,1
DA:19,1
LF:10
LH:10
BRF:0
BRH:0
end_of_record
TN:
SF:src/routes/product.routes.ts
FNF:0
FNH:0
DA:1,1
DA:2,1
DA:3,1
DA:14,1
DA:16,1
DA:17,1
DA:18,1
DA:19,1
DA:20,1
DA:23,1
LF:10
LH:10
BRF:0
BRH:0
end_of_record
TN:
SF:src/services/category.service.ts
FN:5,(anonymous_8)
FN:5,(anonymous_9)
FN:11,(anonymous_10)
FN:11,(anonymous_11)
FN:17,(anonymous_12)
FN:17,(anonymous_13)
FN:26,(anonymous_14)
FN:26,(anonymous_15)
FN:34,(anonymous_16)
FN:34,(anonymous_17)
FNF:10
FNH:10
FNDA:1,(anonymous_8)
FNDA:1,(anonymous_9)
FNDA:2,(anonymous_10)
FNDA:2,(anonymous_11)
FNDA:3,(anonymous_12)
FNDA:3,(anonymous_13)
FNDA:3,(anonymous_14)
FNDA:3,(anonymous_15)
FNDA:4,(anonymous_16)
FNDA:4,(anonymous_17)
DA:2,2
DA:3,2
DA:4,2
DA:5,2
DA:7,1
DA:8,1
DA:11,2
DA:12,2
DA:13,2
DA:17,3
DA:19,3
DA:21,3
DA:22,2
DA:26,3
DA:28,3
DA:30,3
DA:31,2
DA:34,4
DA:36,4
DA:38,4
DA:43,2
DA:45,2
DA:48,1
LF:23
LH:23
BRDA:21,0,0,1
BRDA:30,1,0,1
BRDA:38,2,0,2
BRF:3
BRH:3
end_of_record
TN:
SF:src/services/product.service.ts
FN:7,(anonymous_8)
FN:7,(anonymous_9)
FN:15,(anonymous_10)
FN:15,(anonymous_11)
FN:27,(anonymous_12)
FN:27,(anonymous_13)
FN:34,(anonymous_14)
FN:34,(anonymous_15)
FN:43,(anonymous_16)
FN:43,(anonymous_17)
FNF:10
FNH:0
FNDA:0,(anonymous_8)
FNDA:0,(anonymous_9)
FNDA:0,(anonymous_10)
FNDA:0,(anonymous_11)
FNDA:0,(anonymous_12)
FNDA:0,(anonymous_13)
FNDA:0,(anonymous_14)
FNDA:0,(anonymous_15)
FNDA:0,(anonymous_16)
FNDA:0,(anonymous_17)
DA:1,1
DA:2,1
DA:5,1
DA:7,1
DA:9,0
DA:10,0
DA:15,1
DA:16,0
DA:18,0
DA:23,0
DA:27,1
DA:28,0
DA:30,0
DA:31,0
DA:34,1
DA:35,0
DA:37,0
DA:39,0
DA:40,0
DA:43,1
DA:45,0
DA:47,0
DA:49,0
LF:23
LH:8
BRDA:30,0,0,0
BRDA:37,1,0,0
BRDA:47,2,0,0
BRF:3
BRH:0
end_of_record
TN:
SF:src/utils/apiResponse.ts
FN:3,(anonymous_0)
FN:5,(anonymous_1)
FN:9,(anonymous_2)
FNF:3
FNH:2
FNDA:5,(anonymous_0)
FNDA:5,(anonymous_1)
FNDA:0,(anonymous_2)
DA:3,1
DA:4,5
DA:5,5
DA:9,0
LF:4
LH:3
BRDA:10,0,0,0
BRDA:10,0,1,0
BRF:2
BRH:0
end_of_record
TN:
SF:tests/setup/testDatabase.ts
FN:6,(anonymous_8)
FN:6,(anonymous_9)
FN:14,(anonymous_10)
FN:14,(anonymous_11)
FNF:4
FNH:4
FNDA:1,(anonymous_8)
FNDA:1,(anonymous_9)
FNDA:1,(anonymous_10)
FNDA:1,(anonymous_11)
DA:1,1
DA:2,1
DA:6,1
DA:7,1
DA:9,1
DA:10,1
DA:14,1
DA:16,1
DA:17,1
DA:18,1
LF:10
LH:10
BRF:0
BRH:0
end_of_record
